<?xml version="1.0" encoding="UTF-8"?>
<!-- Generated by org.testng.reporters.JUnitReportReporter -->
<testsuite skipped="0" hostname="BLRKEC148540L" name="MyRunner.TestRunner" tests="2" failures="0" timestamp="28 Aug 2019 06:00:49 GMT" time="203.282" errors="0">
  <testcase name="feature" time="133.830" classname="MyRunner.TestRunner"/>
  <testcase name="feature" time="69.452" classname="MyRunner.TestRunner"/>
</testsuite> <!-- MyRunner.TestRunner -->
