<?xml version="1.0" encoding="UTF-8"?>
<!-- Generated by org.testng.reporters.JUnitReportReporter -->
<testsuite hostname="BLRKEC148540L" failures="0" tests="2" name="MyRunner.TestRunner" time="70.312" errors="0" timestamp="27 Aug 2019 15:25:15 GMT" skipped="0">
  <testcase classname="MyRunner.TestRunner" name="feature" time="23.684"/>
  <testcase classname="MyRunner.TestRunner" name="feature" time="46.628"/>
</testsuite> <!-- MyRunner.TestRunner -->
